2023-11-27 03:50:20,603 [ERROR] LogOutputStream:75 - [STDERR_REDIRECT] 
2023-12-07 15:47:52,456 [INFO] Activator:176 - 


2023-12-07 15:47:52,457 [INFO] Activator:177 - !SESSION log4j initialized
2023-12-07 15:47:54,602 [INFO] LogOutputStream:77 - [STDOUT_REDIRECT] 
2023-12-07 15:47:55,307 [INFO] ApplicationProperties:184 - Using Application install path: /home/igpollitzer/st/stm32cubeide_1.13.2/plugins/com.st.stm32cube.common.mx_6.9.2.202309101412
2023-12-07 15:47:55,316 [INFO] DbMcusXml:78 - Set database path to: /home/igpollitzer/st/stm32cubeide_1.13.2/plugins/com.st.stm32cube.common.mx_6.9.2.202309101412//db//mcu/
2023-12-07 15:47:55,317 [INFO] ApiDb:274 - Set plugin database path to: /home/igpollitzer/st/stm32cubeide_1.13.2/plugins/com.st.stm32cube.common.mx_6.9.2.202309101412//db//plugins/boardmanager/
2023-12-07 15:47:55,317 [WARN] ApiDb:259 - Overriding images path with different value:  => /home/igpollitzer/st/stm32cubeide_1.13.2/plugins/com.st.stm32cube.common.mx_6.9.2.202309101412//db//plugins/mcufinder/images/
2023-12-07 15:47:55,321 [INFO] ApiDb:250 - Set database path to: /home/igpollitzer/.stmcufinder/plugins/mcufinder//mcu/
2023-12-07 15:47:55,322 [INFO] DbMcusAds:125 - Set database path to: /home/igpollitzer/.stmcufinder/plugins/mcufinder//mcu/
2023-12-07 15:47:55,323 [INFO] CrossReferenceDbSqlite:203 - Set database path to: /home/igpollitzer/.stmcufinder/plugins/mcufinder//mcu/cs/
2023-12-07 15:47:55,405 [INFO] RulesReader:64 - Compatibility file has been processed (293 Rules)
2023-12-07 15:47:55,438 [INFO] DbMcusXml:78 - Set database path to: /home/igpollitzer/st/stm32cubeide_1.13.2/plugins/com.st.stm32cube.common.mx_6.9.2.202309101412//db//mcu/
2023-12-07 15:47:55,438 [INFO] ApiDb:274 - Set plugin database path to: /home/igpollitzer/st/stm32cubeide_1.13.2/plugins/com.st.stm32cube.common.mx_6.9.2.202309101412//db//plugins/boardmanager/
2023-12-07 15:47:55,438 [INFO] ApiDb:261 - Set plugin images path to: /home/igpollitzer/st/stm32cubeide_1.13.2/plugins/com.st.stm32cube.common.mx_6.9.2.202309101412//db//plugins/mcufinder/images/
2023-12-07 15:47:55,438 [WARN] DbFile:41 - Overriding database path with different value: /home/igpollitzer/.stmcufinder/plugins/mcufinder/ => /home/igpollitzer/.stmcufinder/plugins/mcufinder
2023-12-07 15:47:55,438 [INFO] ApiDb:250 - Set database path to: /home/igpollitzer/.stmcufinder/plugins/mcufinder//mcu/
2023-12-07 15:47:55,438 [WARN] DbFile:41 - Overriding database path with different value: /home/igpollitzer/.stmcufinder/plugins/mcufinder/ => /home/igpollitzer/.stmcufinder/plugins/mcufinder
2023-12-07 15:47:55,438 [INFO] DbMcusAds:125 - Set database path to: /home/igpollitzer/.stmcufinder/plugins/mcufinder//mcu/
2023-12-07 15:47:55,438 [WARN] DbFile:41 - Overriding database path with different value: /home/igpollitzer/.stmcufinder/plugins/mcufinder/ => /home/igpollitzer/.stmcufinder/plugins/mcufinder
2023-12-07 15:47:55,439 [WARN] DbFile:41 - Overriding database path with different value: /home/igpollitzer/.stmcufinder/plugins/mcufinder/ => /home/igpollitzer/.stmcufinder/plugins/mcufinder
2023-12-07 15:47:55,439 [INFO] CrossReferenceDbSqlite:203 - Set database path to: /home/igpollitzer/.stmcufinder/plugins/mcufinder//mcu/cs/
2023-12-07 15:47:55,483 [INFO] MainPanel:262 - HeapMemory: 268435456
2023-12-07 15:47:55,523 [INFO] DbMcusXml:78 - Set database path to: /home/igpollitzer/st/stm32cubeide_1.13.2/plugins/com.st.stm32cube.common.mx_6.9.2.202309101412//db//mcu/
2023-12-07 15:47:55,523 [INFO] ApiDb:274 - Set plugin database path to: /home/igpollitzer/st/stm32cubeide_1.13.2/plugins/com.st.stm32cube.common.mx_6.9.2.202309101412//db//plugins/boardmanager/
2023-12-07 15:47:55,523 [INFO] ApiDb:261 - Set plugin images path to: /home/igpollitzer/st/stm32cubeide_1.13.2/plugins/com.st.stm32cube.common.mx_6.9.2.202309101412//db//plugins/mcufinder/images/
2023-12-07 15:47:55,523 [WARN] DbFile:41 - Overriding database path with different value: /home/igpollitzer/.stmcufinder/plugins/mcufinder/ => /home/igpollitzer/.stmcufinder/plugins/mcufinder
2023-12-07 15:47:55,523 [INFO] ApiDb:250 - Set database path to: /home/igpollitzer/.stmcufinder/plugins/mcufinder//mcu/
2023-12-07 15:47:55,523 [WARN] DbFile:41 - Overriding database path with different value: /home/igpollitzer/.stmcufinder/plugins/mcufinder/ => /home/igpollitzer/.stmcufinder/plugins/mcufinder
2023-12-07 15:47:55,523 [INFO] DbMcusAds:125 - Set database path to: /home/igpollitzer/.stmcufinder/plugins/mcufinder//mcu/
2023-12-07 15:47:55,523 [WARN] DbFile:41 - Overriding database path with different value: /home/igpollitzer/.stmcufinder/plugins/mcufinder/ => /home/igpollitzer/.stmcufinder/plugins/mcufinder
2023-12-07 15:47:55,523 [WARN] DbFile:41 - Overriding database path with different value: /home/igpollitzer/.stmcufinder/plugins/mcufinder/ => /home/igpollitzer/.stmcufinder/plugins/mcufinder
2023-12-07 15:47:55,523 [INFO] CrossReferenceDbSqlite:203 - Set database path to: /home/igpollitzer/.stmcufinder/plugins/mcufinder//mcu/cs/
2023-12-07 15:47:55,531 [INFO] ApplicationProperties:184 - Using Application install path: /home/igpollitzer/st/stm32cubeide_1.13.2/plugins/com.st.stm32cube.common.mx_6.9.2.202309101412
2023-12-07 15:47:55,532 [INFO] PluginManage:196 - Search for loadable plugins [exclusion list=, ]
2023-12-07 15:47:55,533 [INFO] PluginManage:310 - Check plugin analytics
2023-12-07 15:47:55,643 [INFO] AnalyticsPlugin:253 - Accepted Software Licenses: 
2023-12-07 15:47:55,643 [INFO] AnalyticsPlugin:255 - Accepted CMSIS Pack Licenses: 
2023-12-07 15:47:55,643 [INFO] AnalyticsPlugin:257 - Accepted Firmware Licenses: FW.F4.1.27.0
2023-12-07 15:47:55,646 [INFO] PluginManage:359 - Loaded plugin analytics (category:tool,tabindex:-1)
2023-12-07 15:47:55,647 [INFO] PluginManage:310 - Check plugin cadmodel
2023-12-07 15:47:55,686 [INFO] CADModel:105 - Init CAD model plugin
2023-12-07 15:47:55,686 [INFO] PluginManage:359 - Loaded plugin cadmodel (category:power,tabindex:5)
2023-12-07 15:47:55,686 [INFO] PluginManage:310 - Check plugin clock
2023-12-07 15:47:55,691 [INFO] PluginManage:359 - Loaded plugin clock (category:base,tabindex:2)
2023-12-07 15:47:55,691 [INFO] PluginManage:310 - Check plugin ddr
2023-12-07 15:47:55,692 [INFO] PluginManage:359 - Loaded plugin ddr (category:tool,tabindex:6)
2023-12-07 15:47:55,693 [INFO] PluginManage:310 - Check plugin filemanager
2023-12-07 15:47:55,756 [INFO] PluginManage:359 - Loaded plugin filemanager (category:base,tabindex:10)
2023-12-07 15:47:55,757 [INFO] PluginManage:310 - Check plugin ipmanager
2023-12-07 15:47:55,759 [INFO] PluginManage:359 - Loaded plugin ipmanager (category:base,tabindex:5)
2023-12-07 15:47:55,759 [INFO] PluginManage:310 - Check plugin lpbam
2023-12-07 15:47:55,763 [INFO] PluginManage:359 - Loaded plugin lpbam (category:base,tabindex:0)
2023-12-07 15:47:55,763 [INFO] PluginManage:310 - Check plugin memorymap
2023-12-07 15:47:55,768 [INFO] PluginManage:359 - Loaded plugin memorymap (category:base,tabindex:4)
2023-12-07 15:47:55,768 [INFO] PluginManage:310 - Check plugin pinoutandconfiguration
2023-12-07 15:47:55,771 [INFO] PluginManage:359 - Loaded plugin pinoutandconfiguration (category:base,tabindex:1)
2023-12-07 15:47:55,771 [INFO] PluginManage:310 - Check plugin pinoutconfig
2023-12-07 15:47:55,814 [WARN] SupportedApi:132 - Cannot load RTOS API schema: s4s-elt-must-match.1: The content of 'definitions' must match (annotation?, (simpleType | complexType)?, (unique | key | keyref)*)). A problem was found starting at: attribute.
2023-12-07 15:47:55,881 [INFO] PluginManage:359 - Loaded plugin pinoutconfig (category:base,tabindex:0)
2023-12-07 15:47:55,881 [INFO] PluginManage:310 - Check plugin power
2023-12-07 15:47:55,886 [INFO] PluginManage:359 - Loaded plugin power (category:power,tabindex:4)
2023-12-07 15:47:55,886 [INFO] PluginManage:310 - Check plugin projectmanager
2023-12-07 15:47:55,903 [INFO] PluginManage:359 - Loaded plugin projectmanager (category:projectmanager,tabindex:3)
2023-12-07 15:47:55,904 [INFO] PluginManage:310 - Check plugin thirdparty
2023-12-07 15:47:56,000 [INFO] PluginManage:359 - Loaded plugin thirdparty (category:base,tabindex:-1)
2023-12-07 15:47:56,000 [WARN] IntegrityCheckThread:84 - waiting for thirdparty lock release [integrity check]
2023-12-07 15:47:56,000 [INFO] PluginManage:310 - Check plugin tools
2023-12-07 15:47:56,000 [INFO] IntegrityCheckThread:86 - entering critical section [integrity check]
2023-12-07 15:47:56,001 [INFO] ThirdPartyUpdaterWithRetryManager:70 - Updater plugin not ready yet. [1/15]
2023-12-07 15:47:56,002 [INFO] PluginManage:359 - Loaded plugin tools (category:base,tabindex:7)
2023-12-07 15:47:56,002 [INFO] PluginManage:310 - Check plugin tutovideos
2023-12-07 15:47:56,123 [INFO] PluginManage:359 - Loaded plugin tutovideos (category:base,tabindex:-1)
2023-12-07 15:47:56,123 [INFO] PluginManage:310 - Check plugin updater
2023-12-07 15:47:56,129 [INFO] PluginManage:359 - Loaded plugin updater (category:base,tabindex:12)
2023-12-07 15:47:56,129 [INFO] PluginManage:310 - Check plugin userauth
2023-12-07 15:47:56,132 [INFO] UserAuth:113 - Init User Auth plugin
2023-12-07 15:47:56,132 [INFO] PluginManage:359 - Loaded plugin userauth (category:base,tabindex:14)
2023-12-07 15:47:56,132 [INFO] PluginManage:283 - PluginManage : Loaded plugins [17]
2023-12-07 15:47:56,231 [INFO] PinOutPanel:1499 - setPackage(No Configuration,No Configuration)
2023-12-07 15:47:56,291 [INFO] CADModel:165 - CPN selected for project level
2023-12-07 15:47:56,291 [INFO] CADModel:114 - Register for checkConnection events
2023-12-07 15:47:56,296 [INFO] IPUIPlugin:80 - create IPUIPlugin
2023-12-07 15:47:56,296 [INFO] PluginManager:220 - loadIPPluginJar : add openamp
2023-12-07 15:47:56,297 [INFO] IPUIPlugin:80 - create IPUIPlugin
2023-12-07 15:47:56,297 [INFO] PluginManager:220 - loadIPPluginJar : add tracer_emb
2023-12-07 15:47:56,300 [INFO] IPUIPlugin:80 - create IPUIPlugin
2023-12-07 15:47:56,300 [INFO] PluginManager:220 - loadIPPluginJar : add linkedlist
2023-12-07 15:47:56,301 [INFO] IPUIPlugin:80 - create IPUIPlugin
2023-12-07 15:47:56,301 [INFO] PluginManager:220 - loadIPPluginJar : add gtzc
2023-12-07 15:47:56,303 [INFO] IPUIPlugin:80 - create IPUIPlugin
2023-12-07 15:47:56,303 [INFO] PluginManager:220 - loadIPPluginJar : add freertos
2023-12-07 15:47:56,304 [INFO] IPUIPlugin:80 - create IPUIPlugin
2023-12-07 15:47:56,304 [INFO] PluginManager:220 - loadIPPluginJar : add ltdc
2023-12-07 15:47:56,304 [INFO] IPUIPlugin:80 - create IPUIPlugin
2023-12-07 15:47:56,304 [INFO] PluginManager:220 - loadIPPluginJar : add tsc
2023-12-07 15:47:56,307 [INFO] IPUIPlugin:80 - create IPUIPlugin
2023-12-07 15:47:56,308 [INFO] PluginManager:220 - loadIPPluginJar : add plateformsettings
2023-12-07 15:47:56,311 [INFO] IPUIPlugin:80 - create IPUIPlugin
2023-12-07 15:47:56,311 [INFO] PluginManager:220 - loadIPPluginJar : add can
2023-12-07 15:47:56,311 [INFO] IPUIPlugin:80 - create IPUIPlugin
2023-12-07 15:47:56,311 [INFO] PluginManager:220 - loadIPPluginJar : add tim
2023-12-07 15:47:56,312 [INFO] IPUIPlugin:80 - create IPUIPlugin
2023-12-07 15:47:56,312 [INFO] PluginManager:220 - loadIPPluginJar : add ts
2023-12-07 15:47:56,313 [INFO] IPUIPlugin:80 - create IPUIPlugin
2023-12-07 15:47:56,313 [INFO] PluginManager:220 - loadIPPluginJar : add quadspi
2023-12-07 15:47:56,314 [INFO] IPUIPlugin:80 - create IPUIPlugin
2023-12-07 15:47:56,314 [INFO] PluginManager:220 - loadIPPluginJar : add ipddr
2023-12-07 15:47:56,316 [INFO] IPUIPlugin:80 - create IPUIPlugin
2023-12-07 15:47:56,316 [INFO] PluginManager:220 - loadIPPluginJar : add resmgrutility
2023-12-07 15:47:56,317 [INFO] IPUIPlugin:80 - create IPUIPlugin
2023-12-07 15:47:56,317 [INFO] PluginManager:220 - loadIPPluginJar : add usbx
2023-12-07 15:47:56,318 [INFO] IPUIPlugin:80 - create IPUIPlugin
2023-12-07 15:47:56,318 [INFO] PluginManager:220 - loadIPPluginJar : add touchsensing
2023-12-07 15:47:56,320 [INFO] IPUIPlugin:80 - create IPUIPlugin
2023-12-07 15:47:56,321 [INFO] PluginManager:220 - loadIPPluginJar : add adc
2023-12-07 15:47:56,321 [INFO] IPUIPlugin:80 - create IPUIPlugin
2023-12-07 15:47:56,321 [INFO] PluginManager:220 - loadIPPluginJar : add spi
2023-12-07 15:47:56,323 [INFO] IPUIPlugin:80 - create IPUIPlugin
2023-12-07 15:47:56,323 [INFO] PluginManager:220 - loadIPPluginJar : add stm32_wpan
2023-12-07 15:47:56,325 [INFO] IPUIPlugin:80 - create IPUIPlugin
2023-12-07 15:47:56,325 [INFO] PluginManager:220 - loadIPPluginJar : add gpio
2023-12-07 15:47:56,327 [INFO] IPUIPlugin:80 - create IPUIPlugin
2023-12-07 15:47:56,327 [INFO] PluginManager:220 - loadIPPluginJar : add nvic
2023-12-07 15:47:56,328 [INFO] IPUIPlugin:80 - create IPUIPlugin
2023-12-07 15:47:56,328 [INFO] PluginManager:220 - loadIPPluginJar : add i2c
2023-12-07 15:47:56,328 [INFO] IPUIPlugin:80 - create IPUIPlugin
2023-12-07 15:47:56,328 [INFO] PluginManager:220 - loadIPPluginJar : add ucpd
2023-12-07 15:47:56,329 [INFO] IPUIPlugin:80 - create IPUIPlugin
2023-12-07 15:47:56,329 [INFO] PluginManager:220 - loadIPPluginJar : add gfxmmu
2023-12-07 15:47:56,330 [INFO] IPUIPlugin:80 - create IPUIPlugin
2023-12-07 15:47:56,330 [INFO] PluginManager:220 - loadIPPluginJar : add pdm2pcm
2023-12-07 15:47:56,332 [INFO] IPUIPlugin:80 - create IPUIPlugin
2023-12-07 15:47:56,333 [INFO] PluginManager:220 - loadIPPluginJar : add dma
2023-12-07 15:47:56,333 [INFO] IPUIPlugin:80 - create IPUIPlugin
2023-12-07 15:47:56,333 [INFO] PluginManager:220 - loadIPPluginJar : add i2s
2023-12-07 15:47:56,334 [INFO] IPUIPlugin:80 - create IPUIPlugin
2023-12-07 15:47:56,334 [INFO] PluginManager:220 - loadIPPluginJar : add i3c
2023-12-07 15:47:56,336 [INFO] IPUIPlugin:80 - create IPUIPlugin
2023-12-07 15:47:56,336 [INFO] PluginManager:220 - loadIPPluginJar : add fmc
2023-12-07 15:47:56,337 [INFO] IPUIPlugin:80 - create IPUIPlugin
2023-12-07 15:47:56,337 [INFO] PluginManager:220 - loadIPPluginJar : add sai
2023-12-07 15:47:56,338 [INFO] IPUIPlugin:80 - create IPUIPlugin
2023-12-07 15:47:56,338 [INFO] PluginManager:220 - loadIPPluginJar : add comp
2023-12-07 15:47:56,340 [INFO] IPUIPlugin:80 - create IPUIPlugin
2023-12-07 15:47:56,340 [INFO] PluginManager:220 - loadIPPluginJar : add gic
2023-12-07 15:47:56,341 [INFO] IPUIPlugin:80 - create IPUIPlugin
2023-12-07 15:47:56,341 [INFO] PluginManager:220 - loadIPPluginJar : add usart
2023-12-07 15:47:56,342 [INFO] IPUIPlugin:80 - create IPUIPlugin
2023-12-07 15:47:56,342 [INFO] PluginManager:220 - loadIPPluginJar : add aes
2023-12-07 15:47:56,344 [INFO] IPUIPlugin:80 - create IPUIPlugin
2023-12-07 15:47:56,344 [INFO] PluginManager:220 - loadIPPluginJar : add mdma
2023-12-07 15:47:56,345 [INFO] IPUIPlugin:80 - create IPUIPlugin
2023-12-07 15:47:56,345 [INFO] PluginManager:220 - loadIPPluginJar : add genericplugin
2023-12-07 15:47:56,346 [INFO] IPUIPlugin:80 - create IPUIPlugin
2023-12-07 15:47:56,346 [INFO] PluginManager:220 - loadIPPluginJar : add cryp
2023-12-07 15:47:56,346 [INFO] IPUIPlugin:80 - create IPUIPlugin
2023-12-07 15:47:56,347 [INFO] PluginManager:220 - loadIPPluginJar : add hash
2023-12-07 15:47:56,348 [INFO] IPUIPlugin:80 - create IPUIPlugin
2023-12-07 15:47:56,348 [INFO] PluginManager:220 - loadIPPluginJar : add opamp
2023-12-07 15:47:56,348 [INFO] IPUIPlugin:80 - create IPUIPlugin
2023-12-07 15:47:56,348 [INFO] PluginManager:220 - loadIPPluginJar : add lorawan
2023-12-07 15:47:56,349 [INFO] IPUIPlugin:80 - create IPUIPlugin
2023-12-07 15:47:56,349 [INFO] PluginManager:220 - loadIPPluginJar : add dfsdm
2023-12-07 15:47:56,350 [INFO] IPUIPlugin:80 - create IPUIPlugin
2023-12-07 15:47:56,350 [INFO] PluginManager:220 - loadIPPluginJar : add dma3
2023-12-07 15:47:56,351 [INFO] IPUIPlugin:80 - create IPUIPlugin
2023-12-07 15:47:56,351 [INFO] PluginManager:220 - loadIPPluginJar : add fatfs
2023-12-07 15:47:56,448 [INFO] CADModel:165 - CPN selected for project level
2023-12-07 15:47:56,448 [INFO] CADModel:114 - Register for checkConnection events
2023-12-07 15:47:56,448 [FATAL] Updater:308 - Updater called before beeing initialized
2023-12-07 15:47:56,448 [ERROR] CADModel:125 - Updater not yet initialized, retry later 
2023-12-07 15:47:56,514 [INFO] CADModel:165 - CPN selected for project level
2023-12-07 15:47:56,515 [INFO] CADModel:114 - Register for checkConnection events
2023-12-07 15:47:56,515 [FATAL] Updater:308 - Updater called before beeing initialized
2023-12-07 15:47:56,515 [ERROR] CADModel:125 - Updater not yet initialized, retry later 
2023-12-07 15:47:56,516 [FATAL] Updater:308 - Updater called before beeing initialized
2023-12-07 15:47:56,563 [FATAL] Updater:308 - Updater called before beeing initialized
2023-12-07 15:47:56,566 [INFO] DbMcusAds:53 - JSON generation date=Tue Mar 07 05:50:55 ART 2023 (1678179055114)
2023-12-07 15:47:56,566 [FATAL] Updater:308 - Updater called before beeing initialized
2023-12-07 15:47:56,584 [WARN] DetailPanel:346 - Failed to get advertising image, set to default
2023-12-07 15:47:56,680 [FATAL] Updater:308 - Updater called before beeing initialized
2023-12-07 15:47:56,682 [FATAL] Updater:308 - Updater called before beeing initialized
2023-12-07 15:47:56,682 [FATAL] Updater:308 - Updater called before beeing initialized
2023-12-07 15:47:56,682 [WARN] DetailPanel:346 - Failed to get advertising image, set to default
2023-12-07 15:47:56,684 [FATAL] Updater:308 - Updater called before beeing initialized
2023-12-07 15:47:56,709 [ERROR] Updater:1120 - MainUpdater not yet initialized. External WinMGr cannot be set.
2023-12-07 15:47:56,710 [INFO] Updater:1056 - Updater Version found : 6.9.2
2023-12-07 15:47:56,719 [INFO] ApplicationProperties:184 - Using Application install path: /home/igpollitzer/st/stm32cubeide_1.13.2/plugins/com.st.stm32cube.common.mx_6.9.2.202309101412
2023-12-07 15:47:56,831 [INFO] MainUpdater:2868 - connection check result : 10
2023-12-07 15:47:56,831 [INFO] MainUpdater:285 - Updater Check For Update Now.
2023-12-07 15:47:56,831 [INFO] MicroXplorer:498 - Change Database Version : DB.6.0.92
2023-12-07 15:47:56,834 [INFO] McuFinderGlobals:63 - Set McuFinder mode to 2 (CubeIDE integrated)
2023-12-07 15:47:56,841 [INFO] UserAuth:179 - activating auth plugin
2023-12-07 15:47:56,844 [INFO] UserAuth:393 - Internet connection configuration mode: 1
2023-12-07 15:47:56,851 [INFO] JxBrowserEngine:151 - Initiate JxBrowser Engine with user profile folder
2023-12-07 15:47:57,019 [INFO] CheckServerUpdateThread:120 - End of CheckServer Thread
2023-12-07 15:47:57,161 [INFO] WebApp:157 - Instantiating new browser for Auth
2023-12-07 15:47:57,381 [INFO] WebApp:753 - Register for checkConnection events
2023-12-07 15:47:57,382 [INFO] WebApp:390 - Apply proxy settings
2023-12-07 15:47:57,382 [INFO] WebApp:475 - Chromium requires no authentication
2023-12-07 15:47:57,385 [INFO] WebApp:418 - Direct internet connection detected
2023-12-07 15:47:57,448 [INFO] WebApp:188 - Starting web application
2023-12-07 15:47:57,448 [INFO] WebApp:520 - Web application path used /home/igpollitzer/st/stm32cubeide_1.13.2/plugins/com.st.stm32cube.common.mx_6.9.2.202309101412/db/plugins/mcufinder/reactClient1/index.html
2023-12-07 15:47:59,087 [WARN] PackLoader:240 - Cannot read IP mode file for STMicroelectronics.X-CUBE-SMBUS.2.1.0
2023-12-07 15:47:59,116 [WARN] PackLoader:240 - Cannot read IP mode file for STMicroelectronics.X-CUBE-AZRTOS-F7.1.1.0
2023-12-07 15:47:59,122 [WARN] PackLoader:240 - Cannot read IP mode file for STMicroelectronics.FP-SNS-MOTENV1.4.3.2
2023-12-07 15:47:59,125 [WARN] PackLoader:240 - Cannot read IP mode file for STMicroelectronics.FP-SNS-FLIGHT1.5.0.2
2023-12-07 15:47:59,130 [WARN] PackLoader:240 - Cannot read IP mode file for STMicroelectronics.X-CUBE-DISPLAY.3.0.0
2023-12-07 15:47:59,137 [WARN] PackLoader:240 - Cannot read IP mode file for STMicroelectronics.X-CUBE-BLE1.7.0.0
2023-12-07 15:47:59,139 [WARN] PackLoader:240 - Cannot read IP mode file for emotas.I-CUBE-CANOPEN.1.3.0
2023-12-07 15:47:59,141 [WARN] PackLoader:240 - Cannot read IP mode file for STMicroelectronics.X-CUBE-TOUCHGFX.4.22.1
2023-12-07 15:47:59,142 [WARN] PackLoader:240 - Cannot read IP mode file for STMicroelectronics.FP-SNS-SMARTAG2.1.2.0
2023-12-07 15:47:59,149 [INFO] LogOutputStream:77 - [STDOUT_REDIRECT] 1 : Invalid condition id : UX_CORESTACK_Condition cause : null
2023-12-07 15:47:59,149 [INFO] LogOutputStream:77 - [STDOUT_REDIRECT] 1 : Invalid condition id : UX_CORESTACK_Condition cause : null
2023-12-07 15:47:59,149 [INFO] LogOutputStream:77 - [STDOUT_REDIRECT] 1 : Invalid condition id : UX_CORESTACK_Condition cause : null
2023-12-07 15:47:59,149 [INFO] LogOutputStream:77 - [STDOUT_REDIRECT] 1 : Invalid condition id : UX_CORESTACK_Condition cause : null
2023-12-07 15:47:59,149 [INFO] LogOutputStream:77 - [STDOUT_REDIRECT] 1 : Invalid condition id : UX_CORESTACK_Condition cause : null
2023-12-07 15:47:59,152 [WARN] PackLoader:240 - Cannot read IP mode file for STMicroelectronics.X-CUBE-AZRTOS-WL.2.0.0
2023-12-07 15:47:59,156 [WARN] PackLoader:240 - Cannot read IP mode file for WES.I-CUBE-Cesium.1.3.0
2023-12-07 15:47:59,158 [WARN] PackLoader:240 - Cannot read IP mode file for STMicroelectronics.X-CUBE-BLE2.3.3.0
2023-12-07 15:47:59,161 [WARN] PackLoader:240 - Cannot read IP mode file for STMicroelectronics.X-CUBE-ALGOBUILD.1.3.0
2023-12-07 15:47:59,170 [WARN] PackLoader:240 - Cannot read IP mode file for STMicroelectronics.X-CUBE-AZRTOS-G0.1.1.0
2023-12-07 15:47:59,174 [WARN] PackLoader:240 - Cannot read IP mode file for STMicroelectronics.X-CUBE-NFC4.3.0.0
2023-12-07 15:47:59,178 [WARN] PackLoader:240 - Cannot read IP mode file for STMicroelectronics.X-CUBE-BLEMGR.3.0.0
2023-12-07 15:47:59,181 [WARN] PackLoader:240 - Cannot read IP mode file for STMicroelectronics.FP-ATR-SIGFOX1.3.2.0
2023-12-07 15:47:59,196 [WARN] PackLoader:240 - Cannot read IP mode file for SEGGER.I-CUBE-embOS.1.3.1
2023-12-07 15:47:59,216 [WARN] PackLoader:240 - Cannot read IP mode file for STMicroelectronics.X-CUBE-GNSS1.6.0.0
2023-12-07 15:47:59,224 [WARN] PackLoader:240 - Cannot read IP mode file for STMicroelectronics.X-CUBE-AZRTOS-F4.1.1.0
2023-12-07 15:47:59,227 [WARN] PackLoader:240 - Cannot read IP mode file for wolfSSL.I-CUBE-wolfSSL.5.6.3
2023-12-07 15:47:59,234 [WARN] PackLoader:240 - Cannot read IP mode file for STMicroelectronics.X-CUBE-AZRTOS-L5.2.0.0
2023-12-07 15:47:59,237 [WARN] PackLoader:240 - Cannot read IP mode file for STMicroelectronics.X-CUBE-EEPRMA1.4.2.0
2023-12-07 15:47:59,239 [WARN] PackLoader:240 - Cannot read IP mode file for ITTIA_DB.I-CUBE-ITTIADB.8.8.0
2023-12-07 15:47:59,241 [WARN] PackLoader:240 - Cannot read IP mode file for STMicroelectronics.X-CUBE-BLEMGR.2.0.0
2023-12-07 15:47:59,254 [WARN] ConditionMgr:438 - getConditionDescription Invalid condition id : UX DEVICE CLASS RTOS Condition cause : null
2023-12-07 15:47:59,254 [WARN] ConditionMgr:438 - getConditionDescription Invalid condition id : UX DEVICE CLASS RTOS Condition cause : null
2023-12-07 15:47:59,255 [WARN] PackLoader:240 - Cannot read IP mode file for STMicroelectronics.X-CUBE-AZRTOS-H7.3.1.0
2023-12-07 15:47:59,256 [WARN] ConditionMgr:1039 - genDependencies : Invalid condition id : UX DEVICE CLASS RTOS Condition cause : null
2023-12-07 15:47:59,256 [WARN] ConditionMgr:1039 - genDependencies : Invalid condition id : UX DEVICE CLASS RTOS Condition cause : null
2023-12-07 15:47:59,256 [WARN] ConditionMgr:1039 - genDependencies : Invalid condition id : UX DEVICE CLASS RTOS Condition cause : null
2023-12-07 15:47:59,256 [WARN] ConditionMgr:1039 - genDependencies : Invalid condition id : UX DEVICE CLASS RTOS Condition cause : null
2023-12-07 15:47:59,256 [WARN] ConditionMgr:1039 - genDependencies : Invalid condition id : UX DEVICE CLASS RTOS Condition cause : null
2023-12-07 15:47:59,259 [WARN] PackLoader:240 - Cannot read IP mode file for STMicroelectronics.X-CUBE-NFC7.1.0.1
2023-12-07 15:47:59,262 [WARN] PackLoader:240 - Cannot read IP mode file for STMicroelectronics.X-CUBE-NFC6.3.0.0
2023-12-07 15:47:59,264 [WARN] PackLoader:240 - Cannot read IP mode file for STMicroelectronics.X-CUBE-EEPRMA1.4.1.0
2023-12-07 15:47:59,266 [WARN] PackLoader:240 - Cannot read IP mode file for STMicroelectronics.X-CUBE-AI.8.1.0
2023-12-07 15:47:59,273 [WARN] ConditionMgr:438 - getConditionDescription Invalid condition id : LAN8742 Phy interface Condition cause : null
2023-12-07 15:47:59,273 [WARN] PackLoader:240 - Cannot read IP mode file for STMicroelectronics.X-CUBE-AZRTOS-L4.2.0.0
2023-12-07 15:47:59,274 [WARN] ConditionMgr:1039 - genDependencies : Invalid condition id : LAN8742 Phy interface Condition cause : null
2023-12-07 15:47:59,274 [WARN] ConditionMgr:1039 - genDependencies : Invalid condition id : LAN8742 Phy interface Condition cause : null
2023-12-07 15:47:59,274 [WARN] ConditionMgr:1039 - genDependencies : Invalid condition id : LAN8742 Phy interface Condition cause : null
2023-12-07 15:47:59,277 [WARN] PackLoader:240 - Cannot read IP mode file for STMicroelectronics.X-CUBE-SFXS2LP1.4.0.0
2023-12-07 15:47:59,279 [WARN] PackLoader:240 - Cannot read IP mode file for STMicroelectronics.X-CUBE-ISPU.1.1.0
2023-12-07 15:47:59,284 [WARN] ConditionMgr:438 - getConditionDescription Invalid condition id : UX DEVICE CLASS RTOS Condition cause : null
2023-12-07 15:47:59,284 [WARN] ConditionMgr:438 - getConditionDescription Invalid condition id : UX DEVICE CLASS RTOS Condition cause : null
2023-12-07 15:47:59,285 [WARN] PackLoader:240 - Cannot read IP mode file for STMicroelectronics.X-CUBE-AZRTOS-WB.2.0.0
2023-12-07 15:47:59,285 [WARN] ConditionMgr:1039 - genDependencies : Invalid condition id : UX DEVICE CLASS RTOS Condition cause : null
2023-12-07 15:47:59,285 [WARN] ConditionMgr:1039 - genDependencies : Invalid condition id : UX DEVICE CLASS RTOS Condition cause : null
2023-12-07 15:47:59,285 [WARN] ConditionMgr:1039 - genDependencies : Invalid condition id : UX DEVICE CLASS RTOS Condition cause : null
2023-12-07 15:47:59,286 [WARN] ConditionMgr:1039 - genDependencies : Invalid condition id : UX DEVICE CLASS RTOS Condition cause : null
2023-12-07 15:47:59,286 [WARN] ConditionMgr:1039 - genDependencies : Invalid condition id : UX DEVICE CLASS RTOS Condition cause : null
2023-12-07 15:47:59,290 [WARN] PackLoader:240 - Cannot read IP mode file for STMicroelectronics.X-CUBE-SUBG2.5.0.0
2023-12-07 15:47:59,296 [WARN] PackLoader:240 - Cannot read IP mode file for STMicroelectronics.X-CUBE-TOF1.3.3.1
2023-12-07 15:47:59,314 [WARN] PackLoader:240 - Cannot read IP mode file for STMicroelectronics.X-CUBE-AZRTOS-G4.2.0.0
2023-12-07 15:47:59,319 [WARN] PackLoader:240 - Cannot read IP mode file for Infineon.AIROC-Wi-Fi-Bluetooth-STM32.1.5.1
2023-12-07 15:47:59,322 [WARN] PackLoader:240 - Cannot read IP mode file for STMicroelectronics.FP-SNS-MOTENVWB1.1.3.1
2023-12-07 15:47:59,324 [WARN] PackLoader:240 - Cannot read IP mode file for STMicroelectronics.X-CUBE-ISPU.2.0.0
2023-12-07 15:47:59,342 [WARN] PackLoader:240 - Cannot read IP mode file for STMicroelectronics.X-CUBE-MEMS1.10.0.0
2023-12-07 15:47:59,406 [WARN] PackLoader:240 - Cannot read IP mode file for STMicroelectronics.X-CUBE-FREERTOS.1.1.0
2023-12-07 15:47:59,408 [WARN] PackLoader:240 - Cannot read IP mode file for portGmbH.I-Cube-SoM-uGOAL.1.1.0
2023-12-07 15:47:59,409 [WARN] PackLoader:240 - Cannot read IP mode file for STMicroelectronics.X-CUBE-ALS.1.0.1
2023-12-07 15:47:59,410 [WARN] PackLoader:240 - Cannot read IP mode file for STMicroelectronics.FP-ATR-ASTRA1.2.0.0
2023-12-07 15:47:59,414 [WARN] PackLoader:240 - Cannot read IP mode file for STMicroelectronics.X-CUBE-TOF1.3.4.0
2023-12-07 15:47:59,426 [WARN] PackLoader:240 - Cannot read IP mode file for STMicroelectronics.X-CUBE-AZRTOS-H7.3.2.0
2023-12-07 15:47:59,428 [INFO] ThirdParty:978 - Integrity check success = true
2023-12-07 15:47:59,428 [INFO] IntegrityCheckThread:100 - exiting critical section [integrity check]
2023-12-07 15:47:59,428 [INFO] IntegrityCheckThread:103 - End integrity checks thread
2023-12-07 15:48:17,803 [ERROR] LogOutputStream:75 - [STDERR_REDIRECT] SLF4J: Failed to load class "org.slf4j.impl.StaticLoggerBinder".
2023-12-07 15:48:17,803 [ERROR] LogOutputStream:75 - [STDERR_REDIRECT] SLF4J: Defaulting to no-operation (NOP) logger implementation
2023-12-07 15:48:17,804 [ERROR] LogOutputStream:75 - [STDERR_REDIRECT] SLF4J: See http://www.slf4j.org/codes.html#StaticLoggerBinder for further details.
2023-12-07 15:49:19,757 [INFO] LogOutputStream:77 - [STDOUT_REDIRECT] Unexpected error loading extension: org.eclipse.equinox.p2.metadata.repository.compositeRepository
2023-12-07 15:49:19,757 [ERROR] LogOutputStream:75 - [STDERR_REDIRECT] java.lang.IllegalStateException: bundle org.eclipse.equinox.p2.repositoryis not started
2023-12-07 15:49:19,757 [ERROR] LogOutputStream:75 - [STDERR_REDIRECT] 	at org.eclipse.equinox.internal.p2.repository.Activator.getContext(Activator.java:65)
2023-12-07 15:49:19,757 [ERROR] LogOutputStream:75 - [STDERR_REDIRECT] 	at org.eclipse.equinox.internal.p2.repository.helpers.AbstractRepositoryManager.restoreFromSystemProperty(AbstractRepositoryManager.java:1013)
2023-12-07 15:49:19,757 [ERROR] LogOutputStream:75 - [STDERR_REDIRECT] 	at org.eclipse.equinox.internal.p2.repository.helpers.AbstractRepositoryManager.restoreRepositories(AbstractRepositoryManager.java:1033)
2023-12-07 15:49:19,757 [ERROR] LogOutputStream:75 - [STDERR_REDIRECT] 	at org.eclipse.equinox.internal.p2.repository.helpers.AbstractRepositoryManager.removeRepository(AbstractRepositoryManager.java:946)
2023-12-07 15:49:19,757 [ERROR] LogOutputStream:75 - [STDERR_REDIRECT] 	at org.eclipse.equinox.internal.p2.repository.helpers.AbstractRepositoryManager.loadRepository(AbstractRepositoryManager.java:701)
2023-12-07 15:49:19,758 [ERROR] LogOutputStream:75 - [STDERR_REDIRECT] 	at org.eclipse.equinox.internal.p2.metadata.repository.MetadataRepositoryManager.loadRepository(MetadataRepositoryManager.java:110)
2023-12-07 15:49:19,758 [ERROR] LogOutputStream:75 - [STDERR_REDIRECT] 	at org.eclipse.equinox.internal.p2.metadata.repository.MetadataRepositoryManager.loadRepository(MetadataRepositoryManager.java:105)
2023-12-07 15:49:19,758 [ERROR] LogOutputStream:75 - [STDERR_REDIRECT] 	at org.eclipse.equinox.internal.p2.metadata.repository.CompositeMetadataRepository.addChild(CompositeMetadataRepository.java:171)
2023-12-07 15:49:19,758 [ERROR] LogOutputStream:75 - [STDERR_REDIRECT] 	at org.eclipse.equinox.internal.p2.metadata.repository.CompositeMetadataRepository.<init>(CompositeMetadataRepository.java:113)
2023-12-07 15:49:19,758 [ERROR] LogOutputStream:75 - [STDERR_REDIRECT] 	at org.eclipse.equinox.internal.p2.metadata.repository.CompositeMetadataRepositoryFactory.load(CompositeMetadataRepositoryFactory.java:124)
2023-12-07 15:49:19,758 [ERROR] LogOutputStream:75 - [STDERR_REDIRECT] 	at org.eclipse.equinox.internal.p2.metadata.repository.MetadataRepositoryManager.factoryLoad(MetadataRepositoryManager.java:63)
2023-12-07 15:49:19,758 [ERROR] LogOutputStream:75 - [STDERR_REDIRECT] 	at org.eclipse.equinox.internal.p2.repository.helpers.AbstractRepositoryManager.loadRepository(AbstractRepositoryManager.java:787)
2023-12-07 15:49:19,758 [ERROR] LogOutputStream:75 - [STDERR_REDIRECT] 	at org.eclipse.equinox.internal.p2.repository.helpers.AbstractRepositoryManager.loadRepository(AbstractRepositoryManager.java:685)
2023-12-07 15:49:19,759 [ERROR] LogOutputStream:75 - [STDERR_REDIRECT] 	at org.eclipse.equinox.internal.p2.metadata.repository.MetadataRepositoryManager.loadRepository(MetadataRepositoryManager.java:110)
2023-12-07 15:49:19,759 [ERROR] LogOutputStream:75 - [STDERR_REDIRECT] 	at org.eclipse.equinox.internal.p2.metadata.repository.MetadataRepositoryManager.loadRepository(MetadataRepositoryManager.java:105)
2023-12-07 15:49:19,759 [ERROR] LogOutputStream:75 - [STDERR_REDIRECT] 	at org.eclipse.equinox.internal.p2.updatechecker.UpdateChecker.getAvailableRepositories(UpdateChecker.java:152)
2023-12-07 15:49:19,759 [ERROR] LogOutputStream:75 - [STDERR_REDIRECT] 	at org.eclipse.equinox.internal.p2.updatechecker.UpdateChecker.checkForUpdates(UpdateChecker.java:130)
2023-12-07 15:49:19,759 [ERROR] LogOutputStream:75 - [STDERR_REDIRECT] 	at org.eclipse.equinox.internal.p2.updatechecker.UpdateChecker$UpdateCheckThread.run(UpdateChecker.java:78)
2023-12-07 15:49:19,759 [INFO] LogOutputStream:77 - [STDOUT_REDIRECT] Unexpected error loading extension: org.eclipse.equinox.p2.metadata.repository.simpleRepository
2023-12-07 15:49:19,759 [ERROR] LogOutputStream:75 - [STDERR_REDIRECT] java.lang.IllegalStateException: Attempt to access stopped agent: org.eclipse.equinox.internal.p2.core.ProvisioningAgent@1a046216
2023-12-07 15:49:19,760 [ERROR] LogOutputStream:75 - [STDERR_REDIRECT] 	at org.eclipse.equinox.internal.p2.core.ProvisioningAgent.checkRunning(ProvisioningAgent.java:86)
2023-12-07 15:49:19,760 [ERROR] LogOutputStream:75 - [STDERR_REDIRECT] 	at org.eclipse.equinox.internal.p2.core.ProvisioningAgent.getService(ProvisioningAgent.java:50)
2023-12-07 15:49:19,760 [ERROR] LogOutputStream:75 - [STDERR_REDIRECT] 	at org.eclipse.equinox.p2.core.IProvisioningAgent.getService(IProvisioningAgent.java:86)
2023-12-07 15:49:19,760 [ERROR] LogOutputStream:75 - [STDERR_REDIRECT] 	at org.eclipse.equinox.internal.p2.metadata.repository.SimpleMetadataRepositoryFactory.getLocalFile(SimpleMetadataRepositoryFactory.java:66)
2023-12-07 15:49:19,760 [ERROR] LogOutputStream:75 - [STDERR_REDIRECT] 	at org.eclipse.equinox.internal.p2.metadata.repository.SimpleMetadataRepositoryFactory.load(SimpleMetadataRepositoryFactory.java:89)
2023-12-07 15:49:19,760 [ERROR] LogOutputStream:75 - [STDERR_REDIRECT] 	at org.eclipse.equinox.internal.p2.metadata.repository.MetadataRepositoryManager.factoryLoad(MetadataRepositoryManager.java:63)
2023-12-07 15:49:19,760 [ERROR] LogOutputStream:75 - [STDERR_REDIRECT] 	at org.eclipse.equinox.internal.p2.repository.helpers.AbstractRepositoryManager.loadRepository(AbstractRepositoryManager.java:787)
2023-12-07 15:49:19,760 [ERROR] LogOutputStream:75 - [STDERR_REDIRECT] 	at org.eclipse.equinox.internal.p2.repository.helpers.AbstractRepositoryManager.loadRepository(AbstractRepositoryManager.java:685)
2023-12-07 15:49:19,760 [ERROR] LogOutputStream:75 - [STDERR_REDIRECT] 	at org.eclipse.equinox.internal.p2.metadata.repository.MetadataRepositoryManager.loadRepository(MetadataRepositoryManager.java:110)
2023-12-07 15:49:19,761 [ERROR] LogOutputStream:75 - [STDERR_REDIRECT] 	at org.eclipse.equinox.internal.p2.metadata.repository.MetadataRepositoryManager.loadRepository(MetadataRepositoryManager.java:105)
2023-12-07 15:49:19,761 [ERROR] LogOutputStream:75 - [STDERR_REDIRECT] 	at org.eclipse.equinox.internal.p2.updatechecker.UpdateChecker.getAvailableRepositories(UpdateChecker.java:152)
2023-12-07 15:49:19,761 [ERROR] LogOutputStream:75 - [STDERR_REDIRECT] 	at org.eclipse.equinox.internal.p2.updatechecker.UpdateChecker.checkForUpdates(UpdateChecker.java:130)
2023-12-07 15:49:19,761 [ERROR] LogOutputStream:75 - [STDERR_REDIRECT] 	at org.eclipse.equinox.internal.p2.updatechecker.UpdateChecker$UpdateCheckThread.run(UpdateChecker.java:78)
2023-12-07 15:49:19,761 [INFO] LogOutputStream:77 - [STDOUT_REDIRECT] Unexpected error loading extension: org.eclipse.equinox.p2.metadata.repository.XZedRepository
2023-12-07 15:49:19,761 [ERROR] LogOutputStream:75 - [STDERR_REDIRECT] java.lang.IllegalStateException: Attempt to access stopped agent: org.eclipse.equinox.internal.p2.core.ProvisioningAgent@1a046216
2023-12-07 15:49:19,761 [ERROR] LogOutputStream:75 - [STDERR_REDIRECT] 	at org.eclipse.equinox.internal.p2.core.ProvisioningAgent.checkRunning(ProvisioningAgent.java:86)
2023-12-07 15:49:19,761 [ERROR] LogOutputStream:75 - [STDERR_REDIRECT] 	at org.eclipse.equinox.internal.p2.core.ProvisioningAgent.getService(ProvisioningAgent.java:50)
2023-12-07 15:49:19,761 [ERROR] LogOutputStream:75 - [STDERR_REDIRECT] 	at org.eclipse.equinox.p2.core.IProvisioningAgent.getService(IProvisioningAgent.java:86)
2023-12-07 15:49:19,762 [ERROR] LogOutputStream:75 - [STDERR_REDIRECT] 	at org.eclipse.equinox.internal.p2.metadata.repository.XZedSimpleMetadataRepositoryFactory.getLocalFile(XZedSimpleMetadataRepositoryFactory.java:57)
2023-12-07 15:49:19,762 [ERROR] LogOutputStream:75 - [STDERR_REDIRECT] 	at org.eclipse.equinox.internal.p2.metadata.repository.XZedSimpleMetadataRepositoryFactory.load(XZedSimpleMetadataRepositoryFactory.java:80)
2023-12-07 15:49:19,762 [ERROR] LogOutputStream:75 - [STDERR_REDIRECT] 	at org.eclipse.equinox.internal.p2.metadata.repository.MetadataRepositoryManager.factoryLoad(MetadataRepositoryManager.java:63)
2023-12-07 15:49:19,762 [ERROR] LogOutputStream:75 - [STDERR_REDIRECT] 	at org.eclipse.equinox.internal.p2.repository.helpers.AbstractRepositoryManager.loadRepository(AbstractRepositoryManager.java:787)
2023-12-07 15:49:19,762 [ERROR] LogOutputStream:75 - [STDERR_REDIRECT] 	at org.eclipse.equinox.internal.p2.repository.helpers.AbstractRepositoryManager.loadRepository(AbstractRepositoryManager.java:685)
2023-12-07 15:49:19,762 [ERROR] LogOutputStream:75 - [STDERR_REDIRECT] 	at org.eclipse.equinox.internal.p2.metadata.repository.MetadataRepositoryManager.loadRepository(MetadataRepositoryManager.java:110)
2023-12-07 15:49:19,762 [ERROR] LogOutputStream:75 - [STDERR_REDIRECT] 	at org.eclipse.equinox.internal.p2.metadata.repository.MetadataRepositoryManager.loadRepository(MetadataRepositoryManager.java:105)
2023-12-07 15:49:19,762 [ERROR] LogOutputStream:75 - [STDERR_REDIRECT] 	at org.eclipse.equinox.internal.p2.updatechecker.UpdateChecker.getAvailableRepositories(UpdateChecker.java:152)
2023-12-07 15:49:19,762 [ERROR] LogOutputStream:75 - [STDERR_REDIRECT] 	at org.eclipse.equinox.internal.p2.updatechecker.UpdateChecker.checkForUpdates(UpdateChecker.java:130)
2023-12-07 15:49:19,763 [ERROR] LogOutputStream:75 - [STDERR_REDIRECT] 	at org.eclipse.equinox.internal.p2.updatechecker.UpdateChecker$UpdateCheckThread.run(UpdateChecker.java:78)
2023-12-07 15:49:19,764 [INFO] LogOutputStream:77 - [STDOUT_REDIRECT] Unexpected error loading extension: org.eclipse.equinox.p2.updatesite.metadataRepository
2023-12-07 15:49:19,777 [ERROR] LogOutputStream:75 - [STDERR_REDIRECT] 
