2023-11-22 15:30:51,891 [INFO] Activator:176 - 


2023-11-22 15:30:51,896 [INFO] Activator:177 - !SESSION log4j initialized
2023-11-22 15:30:56,072 [INFO] LogOutputStream:77 - [STDOUT_REDIRECT] 
2023-11-22 15:31:00,023 [INFO] ApplicationProperties:184 - Using Application install path: /opt/st/stm32cubeide_1.13.2/plugins/com.st.stm32cube.common.mx_6.9.2.202309101412
2023-11-22 15:31:00,040 [INFO] DbMcusXml:78 - Set database path to: /opt/st/stm32cubeide_1.13.2/plugins/com.st.stm32cube.common.mx_6.9.2.202309101412//db//mcu/
2023-11-22 15:31:00,041 [INFO] ApiDb:274 - Set plugin database path to: /opt/st/stm32cubeide_1.13.2/plugins/com.st.stm32cube.common.mx_6.9.2.202309101412//db//plugins/boardmanager/
2023-11-22 15:31:00,041 [WARN] ApiDb:259 - Overriding images path with different value:  => /opt/st/stm32cubeide_1.13.2/plugins/com.st.stm32cube.common.mx_6.9.2.202309101412//db//plugins/mcufinder/images/
2023-11-22 15:31:00,051 [INFO] ApiDb:250 - Set database path to: /home/igpollitzer/.stmcufinder/plugins/mcufinder//mcu/
2023-11-22 15:31:00,052 [INFO] DbMcusAds:125 - Set database path to: /home/igpollitzer/.stmcufinder/plugins/mcufinder//mcu/
2023-11-22 15:31:00,055 [INFO] CrossReferenceDbSqlite:203 - Set database path to: /home/igpollitzer/.stmcufinder/plugins/mcufinder//mcu/cs/
2023-11-22 15:31:00,168 [INFO] RulesReader:64 - Compatibility file has been processed (293 Rules)
2023-11-22 15:31:00,221 [INFO] DbMcusXml:78 - Set database path to: /opt/st/stm32cubeide_1.13.2/plugins/com.st.stm32cube.common.mx_6.9.2.202309101412//db//mcu/
2023-11-22 15:31:00,221 [INFO] ApiDb:274 - Set plugin database path to: /opt/st/stm32cubeide_1.13.2/plugins/com.st.stm32cube.common.mx_6.9.2.202309101412//db//plugins/boardmanager/
2023-11-22 15:31:00,221 [INFO] ApiDb:261 - Set plugin images path to: /opt/st/stm32cubeide_1.13.2/plugins/com.st.stm32cube.common.mx_6.9.2.202309101412//db//plugins/mcufinder/images/
2023-11-22 15:31:00,221 [WARN] DbFile:41 - Overriding database path with different value: /home/igpollitzer/.stmcufinder/plugins/mcufinder/ => /home/igpollitzer/.stmcufinder/plugins/mcufinder
2023-11-22 15:31:00,221 [INFO] ApiDb:250 - Set database path to: /home/igpollitzer/.stmcufinder/plugins/mcufinder//mcu/
2023-11-22 15:31:00,222 [WARN] DbFile:41 - Overriding database path with different value: /home/igpollitzer/.stmcufinder/plugins/mcufinder/ => /home/igpollitzer/.stmcufinder/plugins/mcufinder
2023-11-22 15:31:00,222 [INFO] DbMcusAds:125 - Set database path to: /home/igpollitzer/.stmcufinder/plugins/mcufinder//mcu/
2023-11-22 15:31:00,222 [WARN] DbFile:41 - Overriding database path with different value: /home/igpollitzer/.stmcufinder/plugins/mcufinder/ => /home/igpollitzer/.stmcufinder/plugins/mcufinder
2023-11-22 15:31:00,222 [WARN] DbFile:41 - Overriding database path with different value: /home/igpollitzer/.stmcufinder/plugins/mcufinder/ => /home/igpollitzer/.stmcufinder/plugins/mcufinder
2023-11-22 15:31:00,222 [INFO] CrossReferenceDbSqlite:203 - Set database path to: /home/igpollitzer/.stmcufinder/plugins/mcufinder//mcu/cs/
2023-11-22 15:31:00,280 [INFO] MainPanel:262 - HeapMemory: 268435456
2023-11-22 15:31:00,359 [INFO] DbMcusXml:78 - Set database path to: /opt/st/stm32cubeide_1.13.2/plugins/com.st.stm32cube.common.mx_6.9.2.202309101412//db//mcu/
2023-11-22 15:31:00,359 [INFO] ApiDb:274 - Set plugin database path to: /opt/st/stm32cubeide_1.13.2/plugins/com.st.stm32cube.common.mx_6.9.2.202309101412//db//plugins/boardmanager/
2023-11-22 15:31:00,359 [INFO] ApiDb:261 - Set plugin images path to: /opt/st/stm32cubeide_1.13.2/plugins/com.st.stm32cube.common.mx_6.9.2.202309101412//db//plugins/mcufinder/images/
2023-11-22 15:31:00,360 [WARN] DbFile:41 - Overriding database path with different value: /home/igpollitzer/.stmcufinder/plugins/mcufinder/ => /home/igpollitzer/.stmcufinder/plugins/mcufinder
2023-11-22 15:31:00,360 [INFO] ApiDb:250 - Set database path to: /home/igpollitzer/.stmcufinder/plugins/mcufinder//mcu/
2023-11-22 15:31:00,360 [WARN] DbFile:41 - Overriding database path with different value: /home/igpollitzer/.stmcufinder/plugins/mcufinder/ => /home/igpollitzer/.stmcufinder/plugins/mcufinder
2023-11-22 15:31:00,360 [INFO] DbMcusAds:125 - Set database path to: /home/igpollitzer/.stmcufinder/plugins/mcufinder//mcu/
2023-11-22 15:31:00,360 [WARN] DbFile:41 - Overriding database path with different value: /home/igpollitzer/.stmcufinder/plugins/mcufinder/ => /home/igpollitzer/.stmcufinder/plugins/mcufinder
2023-11-22 15:31:00,360 [WARN] DbFile:41 - Overriding database path with different value: /home/igpollitzer/.stmcufinder/plugins/mcufinder/ => /home/igpollitzer/.stmcufinder/plugins/mcufinder
2023-11-22 15:31:00,360 [INFO] CrossReferenceDbSqlite:203 - Set database path to: /home/igpollitzer/.stmcufinder/plugins/mcufinder//mcu/cs/
2023-11-22 15:31:00,374 [INFO] ApplicationProperties:184 - Using Application install path: /opt/st/stm32cubeide_1.13.2/plugins/com.st.stm32cube.common.mx_6.9.2.202309101412
2023-11-22 15:31:00,375 [INFO] PluginManage:196 - Search for loadable plugins [exclusion list=, ]
2023-11-22 15:31:00,377 [INFO] PluginManage:310 - Check plugin analytics
2023-11-22 15:31:00,511 [INFO] AnalyticsPlugin:253 - Accepted Software Licenses: 
2023-11-22 15:31:00,511 [INFO] AnalyticsPlugin:255 - Accepted CMSIS Pack Licenses: 
2023-11-22 15:31:00,511 [INFO] AnalyticsPlugin:257 - Accepted Firmware Licenses: 
2023-11-22 15:31:00,513 [INFO] PluginManage:359 - Loaded plugin analytics (category:tool,tabindex:-1)
2023-11-22 15:31:00,513 [INFO] PluginManage:310 - Check plugin cadmodel
2023-11-22 15:31:00,550 [INFO] CADModel:105 - Init CAD model plugin
2023-11-22 15:31:00,551 [INFO] PluginManage:359 - Loaded plugin cadmodel (category:power,tabindex:5)
2023-11-22 15:31:00,551 [INFO] PluginManage:310 - Check plugin clock
2023-11-22 15:31:00,561 [INFO] PluginManage:359 - Loaded plugin clock (category:base,tabindex:2)
2023-11-22 15:31:00,561 [INFO] PluginManage:310 - Check plugin ddr
2023-11-22 15:31:00,563 [INFO] PluginManage:359 - Loaded plugin ddr (category:tool,tabindex:6)
2023-11-22 15:31:00,564 [INFO] PluginManage:310 - Check plugin filemanager
2023-11-22 15:31:00,674 [INFO] PluginManage:359 - Loaded plugin filemanager (category:base,tabindex:10)
2023-11-22 15:31:00,674 [INFO] PluginManage:310 - Check plugin ipmanager
2023-11-22 15:31:00,678 [INFO] PluginManage:359 - Loaded plugin ipmanager (category:base,tabindex:5)
2023-11-22 15:31:00,679 [INFO] PluginManage:310 - Check plugin lpbam
2023-11-22 15:31:00,687 [INFO] PluginManage:359 - Loaded plugin lpbam (category:base,tabindex:0)
2023-11-22 15:31:00,687 [INFO] PluginManage:310 - Check plugin memorymap
2023-11-22 15:31:00,697 [INFO] PluginManage:359 - Loaded plugin memorymap (category:base,tabindex:4)
2023-11-22 15:31:00,697 [INFO] PluginManage:310 - Check plugin pinoutandconfiguration
2023-11-22 15:31:00,703 [INFO] PluginManage:359 - Loaded plugin pinoutandconfiguration (category:base,tabindex:1)
2023-11-22 15:31:00,703 [INFO] PluginManage:310 - Check plugin pinoutconfig
2023-11-22 15:31:00,773 [WARN] SupportedApi:132 - Cannot load RTOS API schema: s4s-elt-must-match.1: The content of 'definitions' must match (annotation?, (simpleType | complexType)?, (unique | key | keyref)*)). A problem was found starting at: attribute.
2023-11-22 15:31:00,883 [INFO] PluginManage:359 - Loaded plugin pinoutconfig (category:base,tabindex:0)
2023-11-22 15:31:00,883 [INFO] PluginManage:310 - Check plugin power
2023-11-22 15:31:00,892 [INFO] PluginManage:359 - Loaded plugin power (category:power,tabindex:4)
2023-11-22 15:31:00,892 [INFO] PluginManage:310 - Check plugin projectmanager
2023-11-22 15:31:00,904 [INFO] PluginManage:359 - Loaded plugin projectmanager (category:projectmanager,tabindex:3)
2023-11-22 15:31:00,904 [INFO] PluginManage:310 - Check plugin thirdparty
2023-11-22 15:31:01,030 [INFO] PluginManage:359 - Loaded plugin thirdparty (category:base,tabindex:-1)
2023-11-22 15:31:01,030 [INFO] PluginManage:310 - Check plugin tools
2023-11-22 15:31:01,030 [WARN] IntegrityCheckThread:84 - waiting for thirdparty lock release [integrity check]
2023-11-22 15:31:01,030 [INFO] IntegrityCheckThread:86 - entering critical section [integrity check]
2023-11-22 15:31:01,031 [INFO] ThirdPartyUpdaterWithRetryManager:70 - Updater plugin not ready yet. [1/15]
2023-11-22 15:31:01,032 [INFO] PluginManage:359 - Loaded plugin tools (category:base,tabindex:7)
2023-11-22 15:31:01,032 [INFO] PluginManage:310 - Check plugin tutovideos
2023-11-22 15:31:01,167 [INFO] PluginManage:359 - Loaded plugin tutovideos (category:base,tabindex:-1)
2023-11-22 15:31:01,167 [INFO] PluginManage:310 - Check plugin updater
2023-11-22 15:31:01,177 [INFO] PluginManage:359 - Loaded plugin updater (category:base,tabindex:12)
2023-11-22 15:31:01,177 [INFO] PluginManage:310 - Check plugin userauth
2023-11-22 15:31:01,181 [INFO] UserAuth:113 - Init User Auth plugin
2023-11-22 15:31:01,181 [INFO] PluginManage:359 - Loaded plugin userauth (category:base,tabindex:14)
2023-11-22 15:31:01,182 [INFO] PluginManage:283 - PluginManage : Loaded plugins [17]
2023-11-22 15:31:01,326 [INFO] PinOutPanel:1499 - setPackage(No Configuration,No Configuration)
2023-11-22 15:31:01,399 [INFO] CADModel:165 - CPN selected for project level
2023-11-22 15:31:01,399 [INFO] CADModel:114 - Register for checkConnection events
2023-11-22 15:31:01,414 [INFO] IPUIPlugin:80 - create IPUIPlugin
2023-11-22 15:31:01,414 [INFO] PluginManager:220 - loadIPPluginJar : add touchsensing
2023-11-22 15:31:01,420 [INFO] IPUIPlugin:80 - create IPUIPlugin
2023-11-22 15:31:01,421 [INFO] PluginManager:220 - loadIPPluginJar : add freertos
2023-11-22 15:31:01,423 [INFO] IPUIPlugin:80 - create IPUIPlugin
2023-11-22 15:31:01,424 [INFO] PluginManager:220 - loadIPPluginJar : add gfxmmu
2023-11-22 15:31:01,426 [INFO] IPUIPlugin:80 - create IPUIPlugin
2023-11-22 15:31:01,426 [INFO] PluginManager:220 - loadIPPluginJar : add tsc
2023-11-22 15:31:01,428 [INFO] IPUIPlugin:80 - create IPUIPlugin
2023-11-22 15:31:01,429 [INFO] PluginManager:220 - loadIPPluginJar : add aes
2023-11-22 15:31:01,431 [INFO] IPUIPlugin:80 - create IPUIPlugin
2023-11-22 15:31:01,431 [INFO] PluginManager:220 - loadIPPluginJar : add i3c
2023-11-22 15:31:01,440 [INFO] IPUIPlugin:80 - create IPUIPlugin
2023-11-22 15:31:01,440 [INFO] PluginManager:220 - loadIPPluginJar : add adc
2023-11-22 15:31:01,442 [INFO] IPUIPlugin:80 - create IPUIPlugin
2023-11-22 15:31:01,442 [INFO] PluginManager:220 - loadIPPluginJar : add comp
2023-11-22 15:31:01,445 [INFO] IPUIPlugin:80 - create IPUIPlugin
2023-11-22 15:31:01,445 [INFO] PluginManager:220 - loadIPPluginJar : add opamp
2023-11-22 15:31:01,447 [INFO] IPUIPlugin:80 - create IPUIPlugin
2023-11-22 15:31:01,447 [INFO] PluginManager:220 - loadIPPluginJar : add quadspi
2023-11-22 15:31:01,450 [INFO] IPUIPlugin:80 - create IPUIPlugin
2023-11-22 15:31:01,450 [INFO] PluginManager:220 - loadIPPluginJar : add usbx
2023-11-22 15:31:01,452 [INFO] IPUIPlugin:80 - create IPUIPlugin
2023-11-22 15:31:01,452 [INFO] PluginManager:220 - loadIPPluginJar : add lorawan
2023-11-22 15:31:01,456 [INFO] IPUIPlugin:80 - create IPUIPlugin
2023-11-22 15:31:01,456 [INFO] PluginManager:220 - loadIPPluginJar : add pdm2pcm
2023-11-22 15:31:01,457 [INFO] IPUIPlugin:80 - create IPUIPlugin
2023-11-22 15:31:01,458 [INFO] PluginManager:220 - loadIPPluginJar : add fatfs
2023-11-22 15:31:01,463 [INFO] IPUIPlugin:80 - create IPUIPlugin
2023-11-22 15:31:01,463 [INFO] PluginManager:220 - loadIPPluginJar : add stm32_wpan
2023-11-22 15:31:01,468 [INFO] IPUIPlugin:80 - create IPUIPlugin
2023-11-22 15:31:01,468 [INFO] PluginManager:220 - loadIPPluginJar : add gpio
2023-11-22 15:31:01,470 [INFO] IPUIPlugin:80 - create IPUIPlugin
2023-11-22 15:31:01,470 [INFO] PluginManager:220 - loadIPPluginJar : add ltdc
2023-11-22 15:31:01,472 [INFO] IPUIPlugin:80 - create IPUIPlugin
2023-11-22 15:31:01,472 [INFO] PluginManager:220 - loadIPPluginJar : add spi
2023-11-22 15:31:01,475 [INFO] IPUIPlugin:80 - create IPUIPlugin
2023-11-22 15:31:01,475 [INFO] PluginManager:220 - loadIPPluginJar : add usart
2023-11-22 15:31:01,481 [INFO] IPUIPlugin:80 - create IPUIPlugin
2023-11-22 15:31:01,481 [INFO] PluginManager:220 - loadIPPluginJar : add gic
2023-11-22 15:31:01,488 [INFO] IPUIPlugin:80 - create IPUIPlugin
2023-11-22 15:31:01,488 [INFO] PluginManager:220 - loadIPPluginJar : add mdma
2023-11-22 15:31:01,495 [INFO] IPUIPlugin:80 - create IPUIPlugin
2023-11-22 15:31:01,497 [INFO] PluginManager:220 - loadIPPluginJar : add plateformsettings
2023-11-22 15:31:01,500 [INFO] IPUIPlugin:80 - create IPUIPlugin
2023-11-22 15:31:01,500 [INFO] PluginManager:220 - loadIPPluginJar : add dfsdm
2023-11-22 15:31:01,503 [INFO] IPUIPlugin:80 - create IPUIPlugin
2023-11-22 15:31:01,503 [INFO] PluginManager:220 - loadIPPluginJar : add gtzc
2023-11-22 15:31:01,510 [INFO] IPUIPlugin:80 - create IPUIPlugin
2023-11-22 15:31:01,510 [INFO] PluginManager:220 - loadIPPluginJar : add dma
2023-11-22 15:31:01,514 [INFO] IPUIPlugin:80 - create IPUIPlugin
2023-11-22 15:31:01,515 [INFO] PluginManager:220 - loadIPPluginJar : add resmgrutility
2023-11-22 15:31:01,517 [INFO] IPUIPlugin:80 - create IPUIPlugin
2023-11-22 15:31:01,517 [INFO] PluginManager:220 - loadIPPluginJar : add cryp
2023-11-22 15:31:01,521 [INFO] IPUIPlugin:80 - create IPUIPlugin
2023-11-22 15:31:01,521 [INFO] PluginManager:220 - loadIPPluginJar : add nvic
2023-11-22 15:31:01,524 [INFO] IPUIPlugin:80 - create IPUIPlugin
2023-11-22 15:31:01,524 [INFO] PluginManager:220 - loadIPPluginJar : add i2c
2023-11-22 15:31:01,526 [INFO] IPUIPlugin:80 - create IPUIPlugin
2023-11-22 15:31:01,526 [INFO] PluginManager:220 - loadIPPluginJar : add i2s
2023-11-22 15:31:01,530 [INFO] IPUIPlugin:80 - create IPUIPlugin
2023-11-22 15:31:01,530 [INFO] PluginManager:220 - loadIPPluginJar : add ipddr
2023-11-22 15:31:01,538 [INFO] IPUIPlugin:80 - create IPUIPlugin
2023-11-22 15:31:01,538 [INFO] PluginManager:220 - loadIPPluginJar : add linkedlist
2023-11-22 15:31:01,541 [INFO] IPUIPlugin:80 - create IPUIPlugin
2023-11-22 15:31:01,541 [INFO] PluginManager:220 - loadIPPluginJar : add dma3
2023-11-22 15:31:01,543 [INFO] IPUIPlugin:80 - create IPUIPlugin
2023-11-22 15:31:01,543 [INFO] PluginManager:220 - loadIPPluginJar : add hash
2023-11-22 15:31:01,547 [INFO] IPUIPlugin:80 - create IPUIPlugin
2023-11-22 15:31:01,547 [INFO] PluginManager:220 - loadIPPluginJar : add fmc
2023-11-22 15:31:01,549 [INFO] IPUIPlugin:80 - create IPUIPlugin
2023-11-22 15:31:01,550 [INFO] PluginManager:220 - loadIPPluginJar : add ucpd
2023-11-22 15:31:01,553 [INFO] IPUIPlugin:80 - create IPUIPlugin
2023-11-22 15:31:01,553 [INFO] PluginManager:220 - loadIPPluginJar : add can
2023-11-22 15:31:01,556 [INFO] IPUIPlugin:80 - create IPUIPlugin
2023-11-22 15:31:01,556 [INFO] PluginManager:220 - loadIPPluginJar : add ts
2023-11-22 15:31:01,557 [INFO] IPUIPlugin:80 - create IPUIPlugin
2023-11-22 15:31:01,558 [INFO] PluginManager:220 - loadIPPluginJar : add genericplugin
2023-11-22 15:31:01,560 [INFO] IPUIPlugin:80 - create IPUIPlugin
2023-11-22 15:31:01,560 [INFO] PluginManager:220 - loadIPPluginJar : add tracer_emb
2023-11-22 15:31:01,563 [INFO] IPUIPlugin:80 - create IPUIPlugin
2023-11-22 15:31:01,564 [INFO] PluginManager:220 - loadIPPluginJar : add openamp
2023-11-22 15:31:01,566 [INFO] IPUIPlugin:80 - create IPUIPlugin
2023-11-22 15:31:01,566 [INFO] PluginManager:220 - loadIPPluginJar : add tim
2023-11-22 15:31:01,569 [INFO] IPUIPlugin:80 - create IPUIPlugin
2023-11-22 15:31:01,569 [INFO] PluginManager:220 - loadIPPluginJar : add sai
2023-11-22 15:31:01,670 [INFO] CADModel:165 - CPN selected for project level
2023-11-22 15:31:01,670 [INFO] CADModel:114 - Register for checkConnection events
2023-11-22 15:31:01,671 [FATAL] Updater:308 - Updater called before beeing initialized
2023-11-22 15:31:01,671 [ERROR] CADModel:125 - Updater not yet initialized, retry later 
2023-11-22 15:31:01,778 [INFO] CADModel:165 - CPN selected for project level
2023-11-22 15:31:01,778 [INFO] CADModel:114 - Register for checkConnection events
2023-11-22 15:31:01,778 [FATAL] Updater:308 - Updater called before beeing initialized
2023-11-22 15:31:01,778 [ERROR] CADModel:125 - Updater not yet initialized, retry later 
2023-11-22 15:31:01,781 [FATAL] Updater:308 - Updater called before beeing initialized
2023-11-22 15:31:01,850 [FATAL] Updater:308 - Updater called before beeing initialized
2023-11-22 15:31:01,856 [INFO] DbMcusAds:53 - JSON generation date=Thu Sep 30 03:55:09 ART 2021 (1632984909247)
2023-11-22 15:31:01,856 [FATAL] Updater:308 - Updater called before beeing initialized
2023-11-22 15:31:01,888 [WARN] DetailPanel:346 - Failed to get advertising image, set to default
2023-11-22 15:31:01,958 [FATAL] Updater:308 - Updater called before beeing initialized
2023-11-22 15:31:01,960 [FATAL] Updater:308 - Updater called before beeing initialized
2023-11-22 15:31:01,960 [FATAL] Updater:308 - Updater called before beeing initialized
2023-11-22 15:31:01,960 [WARN] DetailPanel:346 - Failed to get advertising image, set to default
2023-11-22 15:31:01,961 [FATAL] Updater:308 - Updater called before beeing initialized
2023-11-22 15:31:01,985 [ERROR] Updater:1120 - MainUpdater not yet initialized. External WinMGr cannot be set.
2023-11-22 15:31:01,987 [INFO] Updater:1056 - Updater Version found : 6.9.2
2023-11-22 15:31:02,004 [INFO] ApplicationProperties:184 - Using Application install path: /opt/st/stm32cubeide_1.13.2/plugins/com.st.stm32cube.common.mx_6.9.2.202309101412
2023-11-22 15:31:02,136 [INFO] MainUpdater:2868 - connection check result : 10
2023-11-22 15:31:02,137 [INFO] MainUpdater:285 - Updater Check For Update Now.
2023-11-22 15:31:02,137 [INFO] MicroXplorer:498 - Change Database Version : DB.6.0.92
2023-11-22 15:31:02,144 [INFO] McuFinderGlobals:63 - Set McuFinder mode to 2 (CubeIDE integrated)
2023-11-22 15:31:02,145 [INFO] UserAuth:179 - activating auth plugin
2023-11-22 15:31:02,149 [INFO] UserAuth:393 - Internet connection configuration mode: 1
2023-11-22 15:31:02,164 [INFO] JxBrowserEngine:151 - Initiate JxBrowser Engine with user profile folder
2023-11-22 15:31:02,351 [INFO] CheckServerUpdateThread:120 - End of CheckServer Thread
2023-11-22 15:31:02,932 [INFO] WebApp:157 - Instantiating new browser for Auth
2023-11-22 15:31:03,414 [INFO] WebApp:753 - Register for checkConnection events
2023-11-22 15:31:03,414 [INFO] WebApp:390 - Apply proxy settings
2023-11-22 15:31:03,414 [INFO] WebApp:475 - Chromium requires no authentication
2023-11-22 15:31:03,424 [INFO] WebApp:418 - Direct internet connection detected
2023-11-22 15:31:03,530 [INFO] WebApp:188 - Starting web application
2023-11-22 15:31:03,530 [INFO] WebApp:520 - Web application path used /opt/st/stm32cubeide_1.13.2/plugins/com.st.stm32cube.common.mx_6.9.2.202309101412/db/plugins/mcufinder/reactClient1/index.html
2023-11-22 15:31:04,161 [WARN] PackLoader:240 - Cannot read IP mode file for STMicroelectronics.X-CUBE-SMBUS.2.1.0
2023-11-22 15:31:04,192 [WARN] PackLoader:240 - Cannot read IP mode file for STMicroelectronics.X-CUBE-AZRTOS-F7.1.1.0
2023-11-22 15:31:04,203 [WARN] PackLoader:240 - Cannot read IP mode file for STMicroelectronics.FP-SNS-MOTENV1.4.3.2
2023-11-22 15:31:04,210 [WARN] PackLoader:240 - Cannot read IP mode file for STMicroelectronics.FP-SNS-FLIGHT1.5.0.2
2023-11-22 15:31:04,219 [WARN] PackLoader:240 - Cannot read IP mode file for STMicroelectronics.X-CUBE-DISPLAY.3.0.0
2023-11-22 15:31:04,242 [WARN] PackLoader:240 - Cannot read IP mode file for STMicroelectronics.X-CUBE-BLE1.7.0.0
2023-11-22 15:31:04,247 [WARN] PackLoader:240 - Cannot read IP mode file for emotas.I-CUBE-CANOPEN.1.3.0
2023-11-22 15:31:04,251 [WARN] PackLoader:240 - Cannot read IP mode file for STMicroelectronics.X-CUBE-TOUCHGFX.4.22.1
2023-11-22 15:31:04,255 [WARN] PackLoader:240 - Cannot read IP mode file for STMicroelectronics.FP-SNS-SMARTAG2.1.2.0
2023-11-22 15:31:04,273 [INFO] LogOutputStream:77 - [STDOUT_REDIRECT] 1 : Invalid condition id : UX_CORESTACK_Condition cause : null
2023-11-22 15:31:04,273 [INFO] LogOutputStream:77 - [STDOUT_REDIRECT] 1 : Invalid condition id : UX_CORESTACK_Condition cause : null
2023-11-22 15:31:04,273 [INFO] LogOutputStream:77 - [STDOUT_REDIRECT] 1 : Invalid condition id : UX_CORESTACK_Condition cause : null
2023-11-22 15:31:04,274 [INFO] LogOutputStream:77 - [STDOUT_REDIRECT] 1 : Invalid condition id : UX_CORESTACK_Condition cause : null
2023-11-22 15:31:04,274 [INFO] LogOutputStream:77 - [STDOUT_REDIRECT] 1 : Invalid condition id : UX_CORESTACK_Condition cause : null
2023-11-22 15:31:04,277 [WARN] PackLoader:240 - Cannot read IP mode file for STMicroelectronics.X-CUBE-AZRTOS-WL.2.0.0
2023-11-22 15:31:04,285 [WARN] PackLoader:240 - Cannot read IP mode file for WES.I-CUBE-Cesium.1.3.0
2023-11-22 15:31:04,290 [WARN] PackLoader:240 - Cannot read IP mode file for STMicroelectronics.X-CUBE-BLE2.3.3.0
2023-11-22 15:31:04,295 [WARN] PackLoader:240 - Cannot read IP mode file for STMicroelectronics.X-CUBE-ALGOBUILD.1.3.0
2023-11-22 15:31:04,311 [WARN] PackLoader:240 - Cannot read IP mode file for STMicroelectronics.X-CUBE-AZRTOS-G0.1.1.0
2023-11-22 15:31:04,318 [WARN] PackLoader:240 - Cannot read IP mode file for STMicroelectronics.X-CUBE-NFC4.3.0.0
2023-11-22 15:31:04,326 [WARN] PackLoader:240 - Cannot read IP mode file for STMicroelectronics.X-CUBE-BLEMGR.3.0.0
2023-11-22 15:31:04,331 [WARN] PackLoader:240 - Cannot read IP mode file for STMicroelectronics.FP-ATR-SIGFOX1.3.2.0
2023-11-22 15:31:04,335 [WARN] PackLoader:240 - Cannot read IP mode file for STMicroelectronics.X-CUBE-GNSS1.6.0.0
2023-11-22 15:31:04,349 [WARN] PackLoader:240 - Cannot read IP mode file for STMicroelectronics.X-CUBE-AZRTOS-F4.1.1.0
2023-11-22 15:31:04,354 [WARN] PackLoader:240 - Cannot read IP mode file for wolfSSL.I-CUBE-wolfSSL.5.6.4
2023-11-22 15:31:04,366 [WARN] PackLoader:240 - Cannot read IP mode file for STMicroelectronics.X-CUBE-AZRTOS-L5.2.0.0
2023-11-22 15:31:04,373 [WARN] PackLoader:240 - Cannot read IP mode file for STMicroelectronics.X-CUBE-EEPRMA1.4.2.0
2023-11-22 15:31:04,378 [WARN] PackLoader:240 - Cannot read IP mode file for ITTIA_DB.I-CUBE-ITTIADB.8.8.0
2023-11-22 15:31:04,389 [WARN] ConditionMgr:438 - getConditionDescription Invalid condition id : UX DEVICE CLASS RTOS Condition cause : null
2023-11-22 15:31:04,389 [WARN] ConditionMgr:438 - getConditionDescription Invalid condition id : UX DEVICE CLASS RTOS Condition cause : null
2023-11-22 15:31:04,391 [WARN] PackLoader:240 - Cannot read IP mode file for STMicroelectronics.X-CUBE-AZRTOS-H7.3.1.0
2023-11-22 15:31:04,393 [WARN] ConditionMgr:1039 - genDependencies : Invalid condition id : UX DEVICE CLASS RTOS Condition cause : null
2023-11-22 15:31:04,393 [WARN] ConditionMgr:1039 - genDependencies : Invalid condition id : UX DEVICE CLASS RTOS Condition cause : null
2023-11-22 15:31:04,394 [WARN] ConditionMgr:1039 - genDependencies : Invalid condition id : UX DEVICE CLASS RTOS Condition cause : null
2023-11-22 15:31:04,394 [WARN] ConditionMgr:1039 - genDependencies : Invalid condition id : UX DEVICE CLASS RTOS Condition cause : null
2023-11-22 15:31:04,394 [WARN] ConditionMgr:1039 - genDependencies : Invalid condition id : UX DEVICE CLASS RTOS Condition cause : null
2023-11-22 15:31:04,399 [WARN] PackLoader:240 - Cannot read IP mode file for STMicroelectronics.X-CUBE-NFC7.1.0.1
2023-11-22 15:31:04,404 [WARN] PackLoader:240 - Cannot read IP mode file for STMicroelectronics.X-CUBE-NFC6.3.0.0
2023-11-22 15:31:04,410 [WARN] PackLoader:240 - Cannot read IP mode file for STMicroelectronics.X-CUBE-AI.8.1.0
2023-11-22 15:31:04,422 [WARN] ConditionMgr:438 - getConditionDescription Invalid condition id : LAN8742 Phy interface Condition cause : null
2023-11-22 15:31:04,422 [WARN] PackLoader:240 - Cannot read IP mode file for STMicroelectronics.X-CUBE-AZRTOS-L4.2.0.0
2023-11-22 15:31:04,424 [WARN] ConditionMgr:1039 - genDependencies : Invalid condition id : LAN8742 Phy interface Condition cause : null
2023-11-22 15:31:04,424 [WARN] ConditionMgr:1039 - genDependencies : Invalid condition id : LAN8742 Phy interface Condition cause : null
2023-11-22 15:31:04,425 [WARN] ConditionMgr:1039 - genDependencies : Invalid condition id : LAN8742 Phy interface Condition cause : null
2023-11-22 15:31:04,431 [WARN] PackLoader:240 - Cannot read IP mode file for STMicroelectronics.X-CUBE-SFXS2LP1.4.0.0
2023-11-22 15:31:04,436 [WARN] PackLoader:240 - Cannot read IP mode file for STMicroelectronics.X-CUBE-ISPU.1.1.0
2023-11-22 15:31:04,445 [WARN] ConditionMgr:438 - getConditionDescription Invalid condition id : UX DEVICE CLASS RTOS Condition cause : null
2023-11-22 15:31:04,445 [WARN] ConditionMgr:438 - getConditionDescription Invalid condition id : UX DEVICE CLASS RTOS Condition cause : null
2023-11-22 15:31:04,453 [WARN] PackLoader:240 - Cannot read IP mode file for STMicroelectronics.X-CUBE-AZRTOS-WB.2.0.0
2023-11-22 15:31:04,454 [WARN] ConditionMgr:1039 - genDependencies : Invalid condition id : UX DEVICE CLASS RTOS Condition cause : null
2023-11-22 15:31:04,454 [WARN] ConditionMgr:1039 - genDependencies : Invalid condition id : UX DEVICE CLASS RTOS Condition cause : null
2023-11-22 15:31:04,455 [WARN] ConditionMgr:1039 - genDependencies : Invalid condition id : UX DEVICE CLASS RTOS Condition cause : null
2023-11-22 15:31:04,455 [WARN] ConditionMgr:1039 - genDependencies : Invalid condition id : UX DEVICE CLASS RTOS Condition cause : null
2023-11-22 15:31:04,455 [WARN] ConditionMgr:1039 - genDependencies : Invalid condition id : UX DEVICE CLASS RTOS Condition cause : null
2023-11-22 15:31:04,464 [WARN] PackLoader:240 - Cannot read IP mode file for STMicroelectronics.X-CUBE-SUBG2.5.0.0
2023-11-22 15:31:04,482 [WARN] PackLoader:240 - Cannot read IP mode file for STMicroelectronics.X-CUBE-AZRTOS-G4.2.0.0
2023-11-22 15:31:04,494 [WARN] PackLoader:240 - Cannot read IP mode file for Infineon.AIROC-Wi-Fi-Bluetooth-STM32.1.5.1
2023-11-22 15:31:04,503 [WARN] PackLoader:240 - Cannot read IP mode file for STMicroelectronics.FP-SNS-MOTENVWB1.1.3.0
2023-11-22 15:31:04,531 [WARN] PackLoader:240 - Cannot read IP mode file for STMicroelectronics.X-CUBE-MEMS1.10.0.0
2023-11-22 15:31:04,734 [WARN] PackLoader:240 - Cannot read IP mode file for STMicroelectronics.X-CUBE-FREERTOS.1.1.0
2023-11-22 15:31:04,743 [WARN] PackLoader:240 - Cannot read IP mode file for portGmbH.I-Cube-SoM-uGOAL.1.1.0
2023-11-22 15:31:04,747 [WARN] PackLoader:240 - Cannot read IP mode file for STMicroelectronics.X-CUBE-ALS.1.0.1
2023-11-22 15:31:04,751 [WARN] PackLoader:240 - Cannot read IP mode file for STMicroelectronics.FP-ATR-ASTRA1.2.0.0
2023-11-22 15:31:04,762 [WARN] PackLoader:240 - Cannot read IP mode file for STMicroelectronics.X-CUBE-TOF1.3.4.0
2023-11-22 15:31:04,782 [INFO] ThirdParty:978 - Integrity check success = true
2023-11-22 15:31:04,782 [INFO] IntegrityCheckThread:100 - exiting critical section [integrity check]
2023-11-22 15:31:04,782 [INFO] IntegrityCheckThread:103 - End integrity checks thread
2023-11-22 15:31:23,951 [ERROR] LogOutputStream:75 - [STDERR_REDIRECT] SLF4J: Failed to load class "org.slf4j.impl.StaticLoggerBinder".
2023-11-22 15:31:23,952 [ERROR] LogOutputStream:75 - [STDERR_REDIRECT] SLF4J: Defaulting to no-operation (NOP) logger implementation
2023-11-22 15:31:23,952 [ERROR] LogOutputStream:75 - [STDERR_REDIRECT] SLF4J: See http://www.slf4j.org/codes.html#StaticLoggerBinder for further details.
